<?xml version="1.0" encoding="UTF-8"?>
<!-- Generated by org.testng.reporters.JUnitReportReporter -->
<testsuite hostname="DESKTOP-FI2HKJL" failures="0" tests="2" name="lochaqc.Unit10_AnnotationTestNG.LoginCMS" time="17.725" errors="0" timestamp="2023-01-24T12:10:22 ICT" skipped="0">
  <testcase classname="lochaqc.Unit10_AnnotationTestNG.LoginCMS" name="testAnhTesterBlog" time="7.295"/>
  <system-out/>
  <testcase classname="lochaqc.Unit10_AnnotationTestNG.LoginCMS" name="testLoginCMS" time="10.430"/>
  <system-out/>
</testsuite> <!-- lochaqc.Unit10_AnnotationTestNG.LoginCMS -->
